<?xml version="1.0" encoding="UTF-8"?>
<testng-results ignored="0" total="1" passed="1" failed="0" skipped="0">
  <reporter-output>
    <line>
      <![CDATA[waiting for 100 milli sec]]>
    </line>
    <line>
      <![CDATA[reading data url from propertyFile]]>
    </line>
    <line>
      <![CDATA[Launching browser]]>
    </line>
    <line>
      <![CDATA[waiting for 1000 milli sec]]>
    </line>
    <line>
      <![CDATA[clickingOnHomePageSignInButton]]>
    </line>
    <line>
      <![CDATA[waiting for 1000 milli sec]]>
    </line>
    <line>
      <![CDATA[reading data mobNum from propertyFile]]>
    </line>
    <line>
      <![CDATA[entering mobile number]]>
    </line>
    <line>
      <![CDATA[waiting for 1000 milli sec]]>
    </line>
    <line>
      <![CDATA[clicking on signInWithPassword]]>
    </line>
    <line>
      <![CDATA[waiting for 1000 milli sec]]>
    </line>
    <line>
      <![CDATA[reading data pwd from propertyFile]]>
    </line>
    <line>
      <![CDATA[entring password]]>
    </line>
    <line>
      <![CDATA[waiting for 2000 milli sec]]>
    </line>
    <line>
      <![CDATA[clicking on signInButton]]>
    </line>
    <line>
      <![CDATA[waiting for 2000 milli sec]]>
    </line>
    <line>
      <![CDATA[clicking on myAccount Button]]>
    </line>
    <line>
      <![CDATA[waiting for 2000 milli sec]]>
    </line>
    <line>
      <![CDATA[clicking on myProfile Button]]>
    </line>
    <line>
      <![CDATA[waiting for 3000 milli sec]]>
    </line>
    <line>
      <![CDATA[switching to child page]]>
    </line>
    <line>
      <![CDATA[waiting for 2000 milli sec]]>
    </line>
    <line>
      <![CDATA[waiting for 1000 milli sec]]>
    </line>
    <line>
      <![CDATA[getting actual userName]]>
    </line>
    <line>
      <![CDATA[waiting for 2000 milli sec]]>
    </line>
    <line>
      <![CDATA[reading data UN from propertyFile]]>
    </line>
    <line>
      <![CDATA[taking screenshot]]>
    </line>
    <line>
      <![CDATA[screenShot location isC:\software testing notes\Screenshot\Ashlesha MorePB_TC_1234.png]]>
    </line>
    <line>
      <![CDATA[logging out...]]>
    </line>
    <line>
      <![CDATA[waiting for 2000 milli sec]]>
    </line>
    <line>
      <![CDATA[closing browser]]>
    </line>
  </reporter-output>
  <suite started-at="2023-07-10T20:05:27 IST" name="Default suite" finished-at="2023-07-10T20:06:34 IST" duration-ms="66666">
    <groups>
    </groups>
    <test started-at="2023-07-10T20:05:27 IST" name="Default test" finished-at="2023-07-10T20:06:34 IST" duration-ms="66666">
      <class name="test.PB_TC_1020_ValidatePolicyUserName">
        <test-method is-config="true" signature="launchPolicyBazar()[pri:0, instance:test.PB_TC_1020_ValidatePolicyUserName@3e27ba32]" started-at="2023-07-10T20:05:27 IST" name="launchPolicyBazar" finished-at="2023-07-10T20:06:10 IST" duration-ms="42456" status="PASS">
          <reporter-output>
            <line>
              <![CDATA[waiting for 100 milli sec]]>
            </line>
            <line>
              <![CDATA[reading data url from propertyFile]]>
            </line>
            <line>
              <![CDATA[Launching browser]]>
            </line>
          </reporter-output>
        </test-method> <!-- launchPolicyBazar -->
        <test-method is-config="true" signature="signInToPolicyBazar()[pri:0, instance:test.PB_TC_1020_ValidatePolicyUserName@3e27ba32]" started-at="2023-07-10T20:06:10 IST" name="signInToPolicyBazar" finished-at="2023-07-10T20:06:28 IST" duration-ms="18092" status="PASS">
          <reporter-output>
            <line>
              <![CDATA[waiting for 1000 milli sec]]>
            </line>
            <line>
              <![CDATA[clickingOnHomePageSignInButton]]>
            </line>
            <line>
              <![CDATA[waiting for 1000 milli sec]]>
            </line>
            <line>
              <![CDATA[reading data mobNum from propertyFile]]>
            </line>
            <line>
              <![CDATA[entering mobile number]]>
            </line>
            <line>
              <![CDATA[waiting for 1000 milli sec]]>
            </line>
            <line>
              <![CDATA[clicking on signInWithPassword]]>
            </line>
            <line>
              <![CDATA[waiting for 1000 milli sec]]>
            </line>
            <line>
              <![CDATA[reading data pwd from propertyFile]]>
            </line>
            <line>
              <![CDATA[entring password]]>
            </line>
            <line>
              <![CDATA[waiting for 2000 milli sec]]>
            </line>
            <line>
              <![CDATA[clicking on signInButton]]>
            </line>
            <line>
              <![CDATA[waiting for 2000 milli sec]]>
            </line>
            <line>
              <![CDATA[clicking on myAccount Button]]>
            </line>
            <line>
              <![CDATA[waiting for 2000 milli sec]]>
            </line>
            <line>
              <![CDATA[clicking on myProfile Button]]>
            </line>
            <line>
              <![CDATA[waiting for 3000 milli sec]]>
            </line>
            <line>
              <![CDATA[switching to child page]]>
            </line>
            <line>
              <![CDATA[waiting for 2000 milli sec]]>
            </line>
          </reporter-output>
        </test-method> <!-- signInToPolicyBazar -->
        <test-method signature="validateUserName()[pri:0, instance:test.PB_TC_1020_ValidatePolicyUserName@3e27ba32]" started-at="2023-07-10T20:06:28 IST" name="validateUserName" finished-at="2023-07-10T20:06:31 IST" duration-ms="3346" status="PASS">
          <reporter-output>
            <line>
              <![CDATA[waiting for 1000 milli sec]]>
            </line>
            <line>
              <![CDATA[getting actual userName]]>
            </line>
            <line>
              <![CDATA[waiting for 2000 milli sec]]>
            </line>
            <line>
              <![CDATA[reading data UN from propertyFile]]>
            </line>
            <line>
              <![CDATA[taking screenshot]]>
            </line>
            <line>
              <![CDATA[screenShot location isC:\software testing notes\Screenshot\Ashlesha MorePB_TC_1234.png]]>
            </line>
          </reporter-output>
        </test-method> <!-- validateUserName -->
        <test-method is-config="true" signature="logOutFromPolicyBazar()[pri:0, instance:test.PB_TC_1020_ValidatePolicyUserName@3e27ba32]" started-at="2023-07-10T20:06:31 IST" name="logOutFromPolicyBazar" finished-at="2023-07-10T20:06:32 IST" duration-ms="270" status="PASS">
          <reporter-output>
            <line>
              <![CDATA[logging out...]]>
            </line>
          </reporter-output>
        </test-method> <!-- logOutFromPolicyBazar -->
        <test-method is-config="true" signature="closePolicyBazar()[pri:0, instance:test.PB_TC_1020_ValidatePolicyUserName@3e27ba32]" started-at="2023-07-10T20:06:32 IST" name="closePolicyBazar" finished-at="2023-07-10T20:06:34 IST" duration-ms="2415" status="PASS">
          <reporter-output>
            <line>
              <![CDATA[waiting for 2000 milli sec]]>
            </line>
            <line>
              <![CDATA[closing browser]]>
            </line>
          </reporter-output>
        </test-method> <!-- closePolicyBazar -->
      </class> <!-- test.PB_TC_1020_ValidatePolicyUserName -->
    </test> <!-- Default test -->
  </suite> <!-- Default suite -->
</testng-results>
